Sex, 21/09/2018 09:59:02 - 
Sex, 21/09/2018 09:59:02 - Aplicativo iniciado
Sex, 21/09/2018 09:59:02 - 
Sex, 21/09/2018 09:59:02 - Service
Sex, 21/09/2018 10:00:40 - 
Sex, 21/09/2018 10:00:40 - Aplicativo iniciado
Sex, 21/09/2018 10:00:40 - 
Sex, 21/09/2018 10:00:40 - Service
Sex, 21/09/2018 10:01:06 - 
Sex, 21/09/2018 10:01:06 - Aplicativo iniciado
Sex, 21/09/2018 10:01:06 - 
Sex, 21/09/2018 10:01:06 - Service
Sex, 21/09/2018 10:03:43 - 
Sex, 21/09/2018 10:03:43 - Aplicativo finalizado. Tempo de execucao: 2 minutos.
Sex, 21/09/2018 10:03:43 - 
Sex, 21/09/2018 10:05:07 - 
Sex, 21/09/2018 10:05:07 - Aplicativo iniciado
Sex, 21/09/2018 10:05:07 - 
Sex, 21/09/2018 10:05:07 - Service
Sex, 21/09/2018 10:05:56 - 
Sex, 21/09/2018 10:05:56 - Aplicativo iniciado
Sex, 21/09/2018 10:05:56 - 
Sex, 21/09/2018 10:05:56 - Service
Sex, 21/09/2018 10:05:59 - 
Sex, 21/09/2018 10:05:59 - Aplicativo finalizado. Tempo de execucao: 2 segundos.
Sex, 21/09/2018 10:05:59 - 
Sex, 21/09/2018 10:06:33 - 
Sex, 21/09/2018 10:06:33 - Aplicativo iniciado
Sex, 21/09/2018 10:06:33 - 
Sex, 21/09/2018 10:06:33 - Service
Sex, 21/09/2018 10:06:39 - 
Sex, 21/09/2018 10:06:39 - Aplicativo finalizado. Tempo de execucao: 5 segundos.
Sex, 21/09/2018 10:06:39 - 
Sex, 21/09/2018 10:07:08 - 
Sex, 21/09/2018 10:07:08 - Aplicativo iniciado
Sex, 21/09/2018 10:07:08 - 
Sex, 21/09/2018 10:07:08 - Service
Sex, 21/09/2018 10:07:11 - 
Sex, 21/09/2018 10:07:11 - Aplicativo finalizado. Tempo de execucao: 2 segundos.
Sex, 21/09/2018 10:07:11 - 
Sex, 21/09/2018 10:10:31 - 
Sex, 21/09/2018 10:10:31 - Aplicativo iniciado
Sex, 21/09/2018 10:10:31 - 
Sex, 21/09/2018 10:10:31 - Service
Sex, 21/09/2018 10:31:45 - 
Sex, 21/09/2018 10:31:45 - Aplicativo iniciado
Sex, 21/09/2018 10:31:45 - 
Sex, 21/09/2018 10:31:45 - Service
Sex, 21/09/2018 10:58:51 - 
Sex, 21/09/2018 10:58:51 - Aplicativo finalizado. Tempo de execucao: 27 minutos.
Sex, 21/09/2018 10:58:51 - 
Sex, 21/09/2018 11:00:12 - 
Sex, 21/09/2018 11:00:12 - Aplicativo iniciado
Sex, 21/09/2018 11:00:12 - 
Sex, 21/09/2018 11:00:12 - Service
Sex, 21/09/2018 11:00:12 - 
Sex, 21/09/2018 11:00:12 - Aplicativo finalizado. Tempo de execucao: 0 segundos.
Sex, 21/09/2018 11:00:12 - 
Sex, 21/09/2018 11:00:41 - 
Sex, 21/09/2018 11:00:41 - Aplicativo iniciado
Sex, 21/09/2018 11:00:41 - 
Sex, 21/09/2018 11:00:41 - Service
Sex, 21/09/2018 11:02:10 - 
Sex, 21/09/2018 11:02:10 - Aplicativo iniciado
Sex, 21/09/2018 11:02:10 - 
Sex, 21/09/2018 11:02:10 - Service
Sex, 21/09/2018 11:02:57 - 
Sex, 21/09/2018 11:02:57 - Aplicativo iniciado
Sex, 21/09/2018 11:02:57 - 
Sex, 21/09/2018 11:02:57 - Service
Sex, 21/09/2018 11:03:58 - 
Sex, 21/09/2018 11:03:58 - Aplicativo iniciado
Sex, 21/09/2018 11:03:58 - 
Sex, 21/09/2018 11:03:58 - Service
Sex, 21/09/2018 15:01:45 - 
Sex, 21/09/2018 15:01:45 - Aplicativo finalizado. Tempo de execucao: 237 minutos.
Sex, 21/09/2018 15:01:45 - 
Sex, 21/09/2018 15:17:41 - 
Sex, 21/09/2018 15:17:41 - Aplicativo iniciado
Sex, 21/09/2018 15:17:41 - 
Sex, 21/09/2018 15:17:41 - Service
Sex, 21/09/2018 15:17:43 - 
Sex, 21/09/2018 15:17:43 - Aplicativo finalizado. Tempo de execucao: 2 segundos.
Sex, 21/09/2018 15:17:43 - 
Sex, 21/09/2018 18:53:46 - 
Sex, 21/09/2018 18:53:46 - Aplicativo iniciado
Sex, 21/09/2018 18:53:46 - 
Sex, 21/09/2018 18:53:46 - Service
Sex, 21/09/2018 18:54:44 - 
Sex, 21/09/2018 18:54:44 - Aplicativo iniciado
Sex, 21/09/2018 18:54:44 - 
Sex, 21/09/2018 18:54:44 - Service
Sex, 21/09/2018 18:55:17 - 
Sex, 21/09/2018 18:55:17 - Aplicativo iniciado
Sex, 21/09/2018 18:55:17 - 
Sex, 21/09/2018 18:55:17 - Service
Sex, 21/09/2018 18:56:37 - 
Sex, 21/09/2018 18:56:37 - Aplicativo finalizado. Tempo de execucao: 1 minutos.
Sex, 21/09/2018 18:56:37 - 
Sex, 21/09/2018 18:57:51 - 
Sex, 21/09/2018 18:57:51 - Aplicativo iniciado
Sex, 21/09/2018 18:57:51 - 
Sex, 21/09/2018 18:57:51 - Service
Sex, 21/09/2018 18:59:49 - 
Sex, 21/09/2018 18:59:49 - Aplicativo iniciado
Sex, 21/09/2018 18:59:49 - 
Sex, 21/09/2018 18:59:49 - Service
Sex, 21/09/2018 18:59:52 - 
Sex, 21/09/2018 18:59:52 - Aplicativo finalizado. Tempo de execucao: 3 segundos.
Sex, 21/09/2018 18:59:52 - 
Sex, 21/09/2018 19:01:22 - 
Sex, 21/09/2018 19:01:22 - Aplicativo iniciado
Sex, 21/09/2018 19:01:22 - 
Sex, 21/09/2018 19:01:22 - Service
Sex, 21/09/2018 19:02:00 - 
Sex, 21/09/2018 19:02:00 - Aplicativo iniciado
Sex, 21/09/2018 19:02:00 - 
Sex, 21/09/2018 19:02:00 - Service
Sex, 21/09/2018 19:02:02 - 
Sex, 21/09/2018 19:02:02 - Aplicativo finalizado. Tempo de execucao: 2 segundos.
Sex, 21/09/2018 19:02:02 - 
Sex, 21/09/2018 19:02:48 - 
Sex, 21/09/2018 19:02:48 - Aplicativo iniciado
Sex, 21/09/2018 19:02:48 - 
Sex, 21/09/2018 19:02:48 - Service
Sex, 21/09/2018 19:02:54 - 
Sex, 21/09/2018 19:02:54 - Aplicativo finalizado. Tempo de execucao: 6 segundos.
Sex, 21/09/2018 19:02:54 - 
Sex, 21/09/2018 19:03:05 - 
Sex, 21/09/2018 19:03:05 - Aplicativo iniciado
Sex, 21/09/2018 19:03:05 - 
Sex, 21/09/2018 19:03:05 - Service
Sex, 21/09/2018 19:03:07 - 
Sex, 21/09/2018 19:03:07 - Aplicativo finalizado. Tempo de execucao: 2 segundos.
Sex, 21/09/2018 19:03:07 - 
Sex, 21/09/2018 19:03:51 - 
Sex, 21/09/2018 19:03:51 - Aplicativo iniciado
Sex, 21/09/2018 19:03:51 - 
Sex, 21/09/2018 19:03:51 - Service
Sex, 21/09/2018 19:03:53 - 
Sex, 21/09/2018 19:03:53 - Aplicativo finalizado. Tempo de execucao: 2 segundos.
Sex, 21/09/2018 19:03:53 - 
Sex, 21/09/2018 19:04:23 - 
Sex, 21/09/2018 19:04:23 - Aplicativo iniciado
Sex, 21/09/2018 19:04:23 - 
Sex, 21/09/2018 19:04:23 - Service
Sex, 21/09/2018 19:04:24 - 
Sex, 21/09/2018 19:04:24 - Aplicativo finalizado. Tempo de execucao: 0 segundos.
Sex, 21/09/2018 19:04:24 - 
Sex, 21/09/2018 19:05:27 - 
Sex, 21/09/2018 19:05:27 - Aplicativo iniciado
Sex, 21/09/2018 19:05:27 - 
Sex, 21/09/2018 19:05:27 - Service
Sex, 21/09/2018 19:05:28 - 
Sex, 21/09/2018 19:05:28 - Aplicativo finalizado. Tempo de execucao: 1 segundos.
Sex, 21/09/2018 19:05:28 - 
Sex, 21/09/2018 19:05:37 - 
Sex, 21/09/2018 19:05:37 - Aplicativo iniciado
Sex, 21/09/2018 19:05:37 - 
Sex, 21/09/2018 19:05:37 - Service
Sex, 21/09/2018 19:05:41 - 
Sex, 21/09/2018 19:05:41 - Aplicativo finalizado. Tempo de execucao: 4 segundos.
Sex, 21/09/2018 19:05:41 - 
Sex, 21/09/2018 19:06:56 - 
Sex, 21/09/2018 19:06:56 - Aplicativo iniciado
Sex, 21/09/2018 19:06:56 - 
Sex, 21/09/2018 19:06:56 - Service
Sex, 21/09/2018 19:16:49 - 
Sex, 21/09/2018 19:16:49 - Aplicativo iniciado
Sex, 21/09/2018 19:16:49 - 
Sex, 21/09/2018 19:16:49 - Service
Sex, 21/09/2018 19:19:13 - 
Sex, 21/09/2018 19:19:13 - Aplicativo finalizado. Tempo de execucao: 12 minutos.
Sex, 21/09/2018 19:19:13 - 
Sex, 21/09/2018 19:20:31 - 
Sex, 21/09/2018 19:20:31 - Aplicativo iniciado
Sex, 21/09/2018 19:20:31 - 
Sex, 21/09/2018 19:20:31 - Service
Sex, 21/09/2018 19:22:49 - 
Sex, 21/09/2018 19:22:49 - Aplicativo iniciado
Sex, 21/09/2018 19:22:49 - 
Sex, 21/09/2018 19:22:49 - Service
Sex, 21/09/2018 19:42:18 - 
Sex, 21/09/2018 19:42:18 - Aplicativo iniciado
Sex, 21/09/2018 19:42:18 - 
Sex, 21/09/2018 19:42:18 - Service
Sex, 21/09/2018 19:44:59 - 
Sex, 21/09/2018 19:44:59 - Aplicativo finalizado. Tempo de execucao: 2 minutos.
Sex, 21/09/2018 19:44:59 - 
Sex, 21/09/2018 21:06:21 - 
Sex, 21/09/2018 21:06:21 - Aplicativo iniciado
Sex, 21/09/2018 21:06:21 - 
Sex, 21/09/2018 21:06:21 - Service
Sex, 21/09/2018 21:06:57 - 
Sex, 21/09/2018 21:06:57 - Aplicativo iniciado
Sex, 21/09/2018 21:06:57 - 
Sex, 21/09/2018 21:06:57 - Service
Sex, 21/09/2018 21:09:07 - 
Sex, 21/09/2018 21:09:07 - Aplicativo iniciado
Sex, 21/09/2018 21:09:07 - 
Sex, 21/09/2018 21:09:07 - Service
Sex, 21/09/2018 21:13:21 - 
Sex, 21/09/2018 21:13:21 - Aplicativo iniciado
Sex, 21/09/2018 21:13:21 - 
Sex, 21/09/2018 21:13:21 - Service
Sex, 21/09/2018 21:32:41 - 
Sex, 21/09/2018 21:32:41 - Aplicativo iniciado
Sex, 21/09/2018 21:32:41 - 
Sex, 21/09/2018 21:32:41 - Service
Sex, 21/09/2018 22:17:35 - 
Sex, 21/09/2018 22:17:35 - Aplicativo iniciado
Sex, 21/09/2018 22:17:35 - 
Sex, 21/09/2018 22:17:35 - Service
Sex, 21/09/2018 22:23:48 - 
Sex, 21/09/2018 22:23:48 - Aplicativo iniciado
Sex, 21/09/2018 22:23:48 - 
Sex, 21/09/2018 22:23:48 - Service
Sex, 21/09/2018 22:28:06 - 
Sex, 21/09/2018 22:28:06 - Aplicativo iniciado
Sex, 21/09/2018 22:28:06 - 
Sex, 21/09/2018 22:28:06 - Service
Sex, 21/09/2018 22:28:43 - 
Sex, 21/09/2018 22:28:43 - Aplicativo iniciado
Sex, 21/09/2018 22:28:43 - 
Sex, 21/09/2018 22:28:43 - Service
