Qui, 13/09/2018 08:22:37 - 
Qui, 13/09/2018 08:22:37 - Aplicativo iniciado
Qui, 13/09/2018 08:22:37 - 
Qui, 13/09/2018 08:22:37 - Service
Qui, 13/09/2018 08:22:37 - java.lang.NullPointerException
Qui, 13/09/2018 08:22:37 - 
Qui, 13/09/2018 08:22:37 - Aplicativo finalizado. Tempo de execucao: 0 segundos.
Qui, 13/09/2018 08:22:37 - 
Qui, 13/09/2018 08:23:01 - 
Qui, 13/09/2018 08:23:01 - Aplicativo iniciado
Qui, 13/09/2018 08:23:01 - 
Qui, 13/09/2018 08:23:01 - Service
Qui, 13/09/2018 08:23:01 - java.lang.NullPointerException
Qui, 13/09/2018 08:23:01 - 
Qui, 13/09/2018 08:23:01 - Aplicativo finalizado. Tempo de execucao: 0 segundos.
Qui, 13/09/2018 08:23:01 - 
Qui, 13/09/2018 08:23:21 - 
Qui, 13/09/2018 08:23:21 - Aplicativo iniciado
Qui, 13/09/2018 08:23:21 - 
Qui, 13/09/2018 08:23:21 - Service
Qui, 13/09/2018 08:24:53 - 
Qui, 13/09/2018 08:24:53 - Aplicativo iniciado
Qui, 13/09/2018 08:24:53 - 
Qui, 13/09/2018 08:24:53 - Service
Qui, 13/09/2018 08:25:06 - java.lang.ArrayIndexOutOfBoundsException: 1
Qui, 13/09/2018 08:25:06 - 
Qui, 13/09/2018 08:25:06 - Aplicativo finalizado. Tempo de execucao: 12 segundos.
Qui, 13/09/2018 08:25:06 - 
Qui, 13/09/2018 10:38:36 - 
Qui, 13/09/2018 10:38:36 - Passe um número como parâmetro na execução da classe:
Qui, 13/09/2018 10:38:36 - 
Qui, 13/09/2018 10:38:36 - 1 - GitHubDownloadMain
Qui, 13/09/2018 10:38:36 - 2 - UnzipProjectsMain
Qui, 13/09/2018 10:38:36 - 
Qui, 13/09/2018 10:39:26 - 
Qui, 13/09/2018 11:10:19 - 
Qui, 13/09/2018 11:10:19 - Aplicativo iniciado
Qui, 13/09/2018 11:10:19 - 
Qui, 13/09/2018 11:10:19 - Service
Qui, 13/09/2018 11:12:05 - 
Qui, 13/09/2018 11:12:05 - Aplicativo finalizado. Tempo de execucao: 1 minutos.
Qui, 13/09/2018 11:12:05 - 
Qui, 13/09/2018 11:12:18 - 
Qui, 13/09/2018 11:12:18 - Aplicativo iniciado
Qui, 13/09/2018 11:12:18 - 
Qui, 13/09/2018 11:12:18 - Service
Qui, 13/09/2018 11:14:41 - 
Qui, 13/09/2018 11:14:41 - Aplicativo iniciado
Qui, 13/09/2018 11:14:41 - 
Qui, 13/09/2018 11:14:41 - Service
Qui, 13/09/2018 12:08:06 - 
Qui, 13/09/2018 12:08:06 - Aplicativo iniciado
Qui, 13/09/2018 12:08:06 - 
Qui, 13/09/2018 12:08:06 - Service
Qui, 13/09/2018 12:11:13 - 
Qui, 13/09/2018 12:11:13 - Aplicativo finalizado. Tempo de execucao: 3 minutos.
Qui, 13/09/2018 12:11:13 - 
Qui, 13/09/2018 12:11:39 - 
Qui, 13/09/2018 12:11:39 - Aplicativo iniciado
Qui, 13/09/2018 12:11:39 - 
Qui, 13/09/2018 12:11:39 - Service
Qui, 13/09/2018 12:19:20 - 
Qui, 13/09/2018 12:19:20 - Aplicativo iniciado
Qui, 13/09/2018 12:19:20 - 
Qui, 13/09/2018 12:19:20 - Service
Qui, 13/09/2018 12:20:31 - 
Qui, 13/09/2018 12:20:31 - Aplicativo finalizado. Tempo de execucao: 1 minutos.
Qui, 13/09/2018 12:20:31 - 
Qui, 13/09/2018 12:20:36 - 
Qui, 13/09/2018 12:20:36 - Aplicativo iniciado
Qui, 13/09/2018 12:20:36 - 
Qui, 13/09/2018 12:20:36 - Service
Qui, 13/09/2018 12:20:36 - 
Qui, 13/09/2018 12:20:36 - Aplicativo finalizado. Tempo de execucao: 0 segundos.
Qui, 13/09/2018 12:20:36 - 
Qui, 13/09/2018 12:20:54 - 
Qui, 13/09/2018 12:20:54 - Aplicativo iniciado
Qui, 13/09/2018 12:20:54 - 
Qui, 13/09/2018 12:20:54 - Service
Qui, 13/09/2018 12:22:19 - 
Qui, 13/09/2018 12:22:19 - Aplicativo finalizado. Tempo de execucao: 1 minutos.
Qui, 13/09/2018 12:22:19 - 
Qui, 13/09/2018 12:22:22 - 
Qui, 13/09/2018 12:22:22 - Aplicativo iniciado
Qui, 13/09/2018 12:22:22 - 
Qui, 13/09/2018 12:22:22 - Service
Qui, 13/09/2018 12:24:01 - 
Qui, 13/09/2018 12:24:01 - Aplicativo finalizado. Tempo de execucao: 1 minutos.
Qui, 13/09/2018 12:24:01 - 
Qui, 13/09/2018 12:24:23 - 
Qui, 13/09/2018 12:24:23 - Aplicativo iniciado
Qui, 13/09/2018 12:24:23 - 
Qui, 13/09/2018 12:24:23 - Service
Qui, 13/09/2018 12:26:22 - java.lang.NullPointerException
Qui, 13/09/2018 12:26:22 - 
Qui, 13/09/2018 12:26:22 - Aplicativo finalizado. Tempo de execucao: 1 minutos.
Qui, 13/09/2018 12:26:22 - 
Qui, 13/09/2018 12:26:42 - 
Qui, 13/09/2018 12:26:42 - Aplicativo iniciado
Qui, 13/09/2018 12:26:42 - 
Qui, 13/09/2018 12:26:42 - Service
Qui, 13/09/2018 12:27:20 - java.lang.NullPointerException
Qui, 13/09/2018 12:27:20 - 
Qui, 13/09/2018 12:27:20 - Aplicativo finalizado. Tempo de execucao: 38 segundos.
Qui, 13/09/2018 12:27:20 - 
Qui, 13/09/2018 12:27:43 - 
Qui, 13/09/2018 12:27:43 - Aplicativo iniciado
Qui, 13/09/2018 12:27:43 - 
Qui, 13/09/2018 12:27:43 - Service
Qui, 13/09/2018 12:28:08 - java.lang.NullPointerException
Qui, 13/09/2018 12:28:08 - 
Qui, 13/09/2018 12:28:08 - Aplicativo finalizado. Tempo de execucao: 25 segundos.
Qui, 13/09/2018 12:28:08 - 
Qui, 13/09/2018 12:28:15 - 
Qui, 13/09/2018 12:28:15 - Aplicativo iniciado
Qui, 13/09/2018 12:28:15 - 
Qui, 13/09/2018 12:28:15 - Service
Qui, 13/09/2018 12:29:27 - java.lang.NullPointerException
Qui, 13/09/2018 12:29:27 - 
Qui, 13/09/2018 12:29:27 - Aplicativo finalizado. Tempo de execucao: 1 minutos.
Qui, 13/09/2018 12:29:27 - 
Qui, 13/09/2018 12:29:30 - 
Qui, 13/09/2018 12:29:30 - Aplicativo iniciado
Qui, 13/09/2018 12:29:30 - 
Qui, 13/09/2018 12:29:30 - Service
Qui, 13/09/2018 12:31:11 - 
Qui, 13/09/2018 12:31:11 - Aplicativo iniciado
Qui, 13/09/2018 12:31:11 - 
Qui, 13/09/2018 12:31:11 - Service
Qui, 13/09/2018 12:31:58 - 
Qui, 13/09/2018 12:31:58 - Aplicativo iniciado
Qui, 13/09/2018 12:31:58 - 
Qui, 13/09/2018 12:31:58 - Service
Qui, 13/09/2018 12:37:16 - 
Qui, 13/09/2018 12:37:16 - Aplicativo iniciado
Qui, 13/09/2018 12:37:16 - 
Qui, 13/09/2018 12:37:16 - Service
Qui, 13/09/2018 12:46:39 - 
Qui, 13/09/2018 12:46:39 - Aplicativo finalizado. Tempo de execucao: 9 minutos.
Qui, 13/09/2018 12:46:39 - 
Qui, 13/09/2018 13:52:41 - 
Qui, 13/09/2018 13:52:41 - Aplicativo iniciado
Qui, 13/09/2018 13:52:41 - 
Qui, 13/09/2018 13:52:41 - Service
Qui, 13/09/2018 13:53:21 - 
Qui, 13/09/2018 13:53:21 - Aplicativo iniciado
Qui, 13/09/2018 13:53:21 - 
Qui, 13/09/2018 13:53:21 - Service
Qui, 13/09/2018 14:09:32 - 
Qui, 13/09/2018 14:09:32 - Aplicativo iniciado
Qui, 13/09/2018 14:09:32 - 
Qui, 13/09/2018 14:09:32 - Service
Qui, 13/09/2018 14:09:34 - 
Qui, 13/09/2018 14:09:34 - Aplicativo finalizado. Tempo de execucao: 2 segundos.
Qui, 13/09/2018 14:09:34 - 
Qui, 13/09/2018 14:09:46 - 
Qui, 13/09/2018 14:09:46 - Aplicativo iniciado
Qui, 13/09/2018 14:09:46 - 
Qui, 13/09/2018 14:09:46 - Service
Qui, 13/09/2018 14:20:17 - 
Qui, 13/09/2018 14:20:17 - Aplicativo iniciado
Qui, 13/09/2018 14:20:17 - 
Qui, 13/09/2018 14:20:17 - Service
Qui, 13/09/2018 14:21:25 - 
Qui, 13/09/2018 14:21:25 - Aplicativo iniciado
Qui, 13/09/2018 14:21:25 - 
Qui, 13/09/2018 14:21:25 - Service
Qui, 13/09/2018 14:29:47 - 
Qui, 13/09/2018 14:29:47 - Aplicativo iniciado
Qui, 13/09/2018 14:29:47 - 
Qui, 13/09/2018 14:29:47 - Service
Qui, 13/09/2018 14:29:54 - 
Qui, 13/09/2018 14:29:54 - Aplicativo finalizado. Tempo de execucao: 7 segundos.
Qui, 13/09/2018 14:29:54 - 
Qui, 13/09/2018 14:31:18 - 
Qui, 13/09/2018 14:31:18 - Aplicativo iniciado
Qui, 13/09/2018 14:31:18 - 
Qui, 13/09/2018 14:31:18 - Service
Qui, 13/09/2018 14:32:06 - 
Qui, 13/09/2018 14:32:06 - Aplicativo iniciado
Qui, 13/09/2018 14:32:06 - 
Qui, 13/09/2018 14:32:06 - Service
Qui, 13/09/2018 14:35:23 - 
Qui, 13/09/2018 14:35:23 - Aplicativo iniciado
Qui, 13/09/2018 14:35:23 - 
Qui, 13/09/2018 14:35:23 - Service
Qui, 13/09/2018 14:35:36 - 
Qui, 13/09/2018 14:35:36 - Aplicativo iniciado
Qui, 13/09/2018 14:35:36 - 
Qui, 13/09/2018 14:35:36 - Service
Qui, 13/09/2018 14:39:42 - 
Qui, 13/09/2018 14:39:42 - Aplicativo finalizado. Tempo de execucao: 4 minutos.
Qui, 13/09/2018 14:39:42 - 
Qui, 13/09/2018 14:42:15 - 
Qui, 13/09/2018 14:42:15 - Aplicativo iniciado
Qui, 13/09/2018 14:42:15 - 
Qui, 13/09/2018 14:42:15 - Service
Qui, 13/09/2018 14:42:17 - 
Qui, 13/09/2018 14:42:17 - Aplicativo finalizado. Tempo de execucao: 2 segundos.
Qui, 13/09/2018 14:42:17 - 
Qui, 13/09/2018 14:47:09 - 
Qui, 13/09/2018 14:47:09 - Aplicativo iniciado
Qui, 13/09/2018 14:47:09 - 
Qui, 13/09/2018 14:47:09 - Service
Qui, 13/09/2018 14:58:28 - 
Qui, 13/09/2018 14:58:28 - Aplicativo iniciado
Qui, 13/09/2018 14:58:28 - 
Qui, 13/09/2018 14:58:28 - Service
Qui, 13/09/2018 15:02:12 - 
Qui, 13/09/2018 15:02:12 - Aplicativo iniciado
Qui, 13/09/2018 15:02:12 - 
Qui, 13/09/2018 15:02:12 - Service
Qui, 13/09/2018 15:21:34 - 
Qui, 13/09/2018 15:21:34 - Aplicativo iniciado
Qui, 13/09/2018 15:21:34 - 
Qui, 13/09/2018 15:21:34 - Service
Qui, 13/09/2018 15:31:32 - 
Qui, 13/09/2018 15:31:32 - Aplicativo iniciado
Qui, 13/09/2018 15:31:32 - 
Qui, 13/09/2018 15:31:32 - Service
Qui, 13/09/2018 15:32:59 - 
Qui, 13/09/2018 15:32:59 - Aplicativo finalizado. Tempo de execucao: 1 minutos.
Qui, 13/09/2018 15:32:59 - 
Qui, 13/09/2018 15:33:11 - 
Qui, 13/09/2018 15:33:11 - Aplicativo iniciado
Qui, 13/09/2018 15:33:11 - 
Qui, 13/09/2018 15:33:11 - Service
Qui, 13/09/2018 15:33:13 - 
Qui, 13/09/2018 15:33:13 - Aplicativo finalizado. Tempo de execucao: 2 segundos.
Qui, 13/09/2018 15:33:13 - 
