Ter, 02/10/2018 09:59:05 - 
Ter, 02/10/2018 09:59:05 - Aplicativo iniciado
Ter, 02/10/2018 09:59:05 - 
Ter, 02/10/2018 09:59:05 - Service
Ter, 02/10/2018 09:59:06 - 
Ter, 02/10/2018 09:59:06 - Aplicativo finalizado. Tempo de execucao: 0 segundos.
Ter, 02/10/2018 09:59:06 - 
Ter, 02/10/2018 10:00:08 - 
Ter, 02/10/2018 10:00:08 - Aplicativo iniciado
Ter, 02/10/2018 10:00:08 - 
Ter, 02/10/2018 10:00:08 - Service
Ter, 02/10/2018 10:09:56 - 
Ter, 02/10/2018 10:09:56 - Aplicativo iniciado
Ter, 02/10/2018 10:09:56 - 
Ter, 02/10/2018 10:09:56 - Service
Ter, 02/10/2018 10:12:58 - 
Ter, 02/10/2018 10:12:58 - Aplicativo iniciado
Ter, 02/10/2018 10:12:58 - 
Ter, 02/10/2018 10:12:58 - Service
Ter, 02/10/2018 10:14:06 - 
Ter, 02/10/2018 10:14:06 - Aplicativo finalizado. Tempo de execucao: 1 minutos.
Ter, 02/10/2018 10:14:06 - 
Ter, 02/10/2018 10:14:52 - 
Ter, 02/10/2018 10:14:52 - Aplicativo iniciado
Ter, 02/10/2018 10:14:52 - 
Ter, 02/10/2018 10:14:52 - Service
